<?xml version="1.0" encoding="utf-8"?>
<coverage line-rate="0.7029000000000001" branch-rate="0.9" version="1.9" timestamp="1635262825" lines-covered="71" lines-valid="101" branches-covered="36" branches-valid="40">
  <sources>
    <source>/</source>
  </sources>
  <packages>
    <package name="GildedRose" line-rate="0.7029000000000001" branch-rate="0.9" complexity="44">
      <classes>
        <class name="GildedRose.Program" filename="Volumes/Code/Code/itu/bdsa/Assignment5/GildedRose/Program.cs" line-rate="0.6938" branch-rate="0.9" complexity="41">
          <methods>
            <method name="set_Items" signature="(System.Collections.Generic.IList`1&lt;GildedRose.Item&gt;)" line-rate="1" branch-rate="1" complexity="1">
              <lines>
                <line number="8" hits="2015" branch="False" />
              </lines>
            </method>
            <method name="Main" signature="(System.String[])" line-rate="0" branch-rate="0" complexity="4">
              <lines>
                <line number="11" hits="0" branch="False" />
                <line number="12" hits="0" branch="False" />
                <line number="14" hits="0" branch="False" />
                <line number="15" hits="0" branch="False" />
                <line number="16" hits="0" branch="False" />
                <line number="17" hits="0" branch="False" />
                <line number="18" hits="0" branch="False" />
                <line number="19" hits="0" branch="False" />
                <line number="20" hits="0" branch="False" />
                <line number="21" hits="0" branch="False" />
                <line number="22" hits="0" branch="False" />
                <line number="23" hits="0" branch="False" />
                <line number="24" hits="0" branch="False" />
                <line number="25" hits="0" branch="False" />
                <line number="26" hits="0" branch="False" />
                <line number="27" hits="0" branch="False" />
                <line number="28" hits="0" branch="False" />
                <line number="29" hits="0" branch="False" />
                <line number="31" hits="0" branch="True" condition-coverage="0% (0/2)">
                  <conditions>
                    <condition number="620" type="jump" coverage="0%" />
                  </conditions>
                </line>
                <line number="32" hits="0" branch="False" />
                <line number="33" hits="0" branch="False" />
                <line number="34" hits="0" branch="False" />
                <line number="35" hits="0" branch="True" condition-coverage="0% (0/2)">
                  <conditions>
                    <condition number="583" type="jump" coverage="0%" />
                  </conditions>
                </line>
                <line number="36" hits="0" branch="False" />
                <line number="37" hits="0" branch="False" />
                <line number="38" hits="0" branch="False" />
                <line number="39" hits="0" branch="False" />
                <line number="40" hits="0" branch="False" />
                <line number="41" hits="0" branch="False" />
                <line number="43" hits="0" branch="False" />
              </lines>
            </method>
            <method name="UpdateQuality" signature="()" line-rate="1" branch-rate="1" complexity="36">
              <lines>
                <line number="46" hits="17" branch="False" />
                <line number="47" hits="354" branch="True" condition-coverage="100% (2/2)">
                  <conditions>
                    <condition number="899" type="jump" coverage="100%" />
                  </conditions>
                </line>
                <line number="48" hits="160" branch="False" />
                <line number="49" hits="160" branch="True" condition-coverage="100% (4/4)">
                  <conditions>
                    <condition number="36" type="jump" coverage="100%" />
                    <condition number="70" type="jump" coverage="100%" />
                  </conditions>
                </line>
                <line number="50" hits="91" branch="False" />
                <line number="51" hits="91" branch="True" condition-coverage="100% (2/2)">
                  <conditions>
                    <condition number="95" type="jump" coverage="100%" />
                  </conditions>
                </line>
                <line number="52" hits="89" branch="False" />
                <line number="53" hits="89" branch="True" condition-coverage="100% (2/2)">
                  <conditions>
                    <condition number="127" type="jump" coverage="100%" />
                  </conditions>
                </line>
                <line number="54" hits="55" branch="False" />
                <line number="55" hits="55" branch="False" />
                <line number="56" hits="55" branch="False" />
                <line number="57" hits="89" branch="False" />
                <line number="58" hits="91" branch="False" />
                <line number="60" hits="69" branch="False" />
                <line number="61" hits="69" branch="True" condition-coverage="100% (2/2)">
                  <conditions>
                    <condition number="201" type="jump" coverage="100%" />
                  </conditions>
                </line>
                <line number="62" hits="68" branch="False" />
                <line number="63" hits="68" branch="False" />
                <line number="65" hits="68" branch="True" condition-coverage="100% (2/2)">
                  <conditions>
                    <condition number="275" type="jump" coverage="100%" />
                  </conditions>
                </line>
                <line number="66" hits="51" branch="False" />
                <line number="67" hits="51" branch="True" condition-coverage="100% (2/2)">
                  <conditions>
                    <condition number="306" type="jump" coverage="100%" />
                  </conditions>
                </line>
                <line number="68" hits="35" branch="False" />
                <line number="69" hits="35" branch="True" condition-coverage="100% (2/2)">
                  <conditions>
                    <condition number="334" type="jump" coverage="100%" />
                  </conditions>
                </line>
                <line number="70" hits="35" branch="False" />
                <line number="71" hits="35" branch="False" />
                <line number="72" hits="35" branch="False" />
                <line number="73" hits="35" branch="False" />
                <line number="75" hits="51" branch="True" condition-coverage="100% (2/2)">
                  <conditions>
                    <condition number="400" type="jump" coverage="100%" />
                  </conditions>
                </line>
                <line number="76" hits="18" branch="False" />
                <line number="77" hits="18" branch="True" condition-coverage="100% (2/2)">
                  <conditions>
                    <condition number="428" type="jump" coverage="100%" />
                  </conditions>
                </line>
                <line number="78" hits="18" branch="False" />
                <line number="79" hits="18" branch="False" />
                <line number="80" hits="18" branch="False" />
                <line number="81" hits="18" branch="False" />
                <line number="82" hits="51" branch="False" />
                <line number="83" hits="68" branch="False" />
                <line number="84" hits="69" branch="False" />
                <line number="86" hits="160" branch="True" condition-coverage="100% (2/2)">
                  <conditions>
                    <condition number="504" type="jump" coverage="100%" />
                  </conditions>
                </line>
                <line number="87" hits="126" branch="False" />
                <line number="88" hits="126" branch="False" />
                <line number="89" hits="126" branch="False" />
                <line number="91" hits="160" branch="True" condition-coverage="100% (2/2)">
                  <conditions>
                    <condition number="569" type="jump" coverage="100%" />
                  </conditions>
                </line>
                <line number="92" hits="28" branch="False" />
                <line number="93" hits="28" branch="True" condition-coverage="100% (2/2)">
                  <conditions>
                    <condition number="606" type="jump" coverage="100%" />
                  </conditions>
                </line>
                <line number="94" hits="23" branch="False" />
                <line number="95" hits="23" branch="True" condition-coverage="100% (2/2)">
                  <conditions>
                    <condition number="643" type="jump" coverage="100%" />
                  </conditions>
                </line>
                <line number="96" hits="22" branch="False" />
                <line number="97" hits="22" branch="True" condition-coverage="100% (2/2)">
                  <conditions>
                    <condition number="670" type="jump" coverage="100%" />
                  </conditions>
                </line>
                <line number="98" hits="20" branch="False" />
                <line number="99" hits="20" branch="True" condition-coverage="100% (2/2)">
                  <conditions>
                    <condition number="704" type="jump" coverage="100%" />
                  </conditions>
                </line>
                <line number="100" hits="3" branch="False" />
                <line number="101" hits="3" branch="False" />
                <line number="102" hits="3" branch="False" />
                <line number="103" hits="20" branch="False" />
                <line number="104" hits="22" branch="False" />
                <line number="106" hits="1" branch="False" />
                <line number="107" hits="1" branch="False" />
                <line number="108" hits="1" branch="False" />
                <line number="109" hits="23" branch="False" />
                <line number="111" hits="5" branch="False" />
                <line number="112" hits="5" branch="True" condition-coverage="100% (2/2)">
                  <conditions>
                    <condition number="833" type="jump" coverage="100%" />
                  </conditions>
                </line>
                <line number="113" hits="5" branch="False" />
                <line number="114" hits="5" branch="False" />
                <line number="115" hits="5" branch="False" />
                <line number="116" hits="5" branch="False" />
                <line number="117" hits="28" branch="False" />
                <line number="118" hits="160" branch="False" />
                <line number="119" hits="17" branch="False" />
              </lines>
            </method>
          </methods>
          <lines>
            <line number="8" hits="2015" branch="False" />
            <line number="11" hits="0" branch="False" />
            <line number="12" hits="0" branch="False" />
            <line number="14" hits="0" branch="False" />
            <line number="15" hits="0" branch="False" />
            <line number="16" hits="0" branch="False" />
            <line number="17" hits="0" branch="False" />
            <line number="18" hits="0" branch="False" />
            <line number="19" hits="0" branch="False" />
            <line number="20" hits="0" branch="False" />
            <line number="21" hits="0" branch="False" />
            <line number="22" hits="0" branch="False" />
            <line number="23" hits="0" branch="False" />
            <line number="24" hits="0" branch="False" />
            <line number="25" hits="0" branch="False" />
            <line number="26" hits="0" branch="False" />
            <line number="27" hits="0" branch="False" />
            <line number="28" hits="0" branch="False" />
            <line number="29" hits="0" branch="False" />
            <line number="31" hits="0" branch="True" condition-coverage="0% (0/2)">
              <conditions>
                <condition number="620" type="jump" coverage="0%" />
              </conditions>
            </line>
            <line number="32" hits="0" branch="False" />
            <line number="33" hits="0" branch="False" />
            <line number="34" hits="0" branch="False" />
            <line number="35" hits="0" branch="True" condition-coverage="0% (0/2)">
              <conditions>
                <condition number="583" type="jump" coverage="0%" />
              </conditions>
            </line>
            <line number="36" hits="0" branch="False" />
            <line number="37" hits="0" branch="False" />
            <line number="38" hits="0" branch="False" />
            <line number="39" hits="0" branch="False" />
            <line number="40" hits="0" branch="False" />
            <line number="41" hits="0" branch="False" />
            <line number="43" hits="0" branch="False" />
            <line number="46" hits="17" branch="False" />
            <line number="47" hits="354" branch="True" condition-coverage="100% (2/2)">
              <conditions>
                <condition number="899" type="jump" coverage="100%" />
              </conditions>
            </line>
            <line number="48" hits="160" branch="False" />
            <line number="49" hits="160" branch="True" condition-coverage="100% (4/4)">
              <conditions>
                <condition number="36" type="jump" coverage="100%" />
                <condition number="70" type="jump" coverage="100%" />
              </conditions>
            </line>
            <line number="50" hits="91" branch="False" />
            <line number="51" hits="91" branch="True" condition-coverage="100% (2/2)">
              <conditions>
                <condition number="95" type="jump" coverage="100%" />
              </conditions>
            </line>
            <line number="52" hits="89" branch="False" />
            <line number="53" hits="89" branch="True" condition-coverage="100% (2/2)">
              <conditions>
                <condition number="127" type="jump" coverage="100%" />
              </conditions>
            </line>
            <line number="54" hits="55" branch="False" />
            <line number="55" hits="55" branch="False" />
            <line number="56" hits="55" branch="False" />
            <line number="57" hits="89" branch="False" />
            <line number="58" hits="91" branch="False" />
            <line number="60" hits="69" branch="False" />
            <line number="61" hits="69" branch="True" condition-coverage="100% (2/2)">
              <conditions>
                <condition number="201" type="jump" coverage="100%" />
              </conditions>
            </line>
            <line number="62" hits="68" branch="False" />
            <line number="63" hits="68" branch="False" />
            <line number="65" hits="68" branch="True" condition-coverage="100% (2/2)">
              <conditions>
                <condition number="275" type="jump" coverage="100%" />
              </conditions>
            </line>
            <line number="66" hits="51" branch="False" />
            <line number="67" hits="51" branch="True" condition-coverage="100% (2/2)">
              <conditions>
                <condition number="306" type="jump" coverage="100%" />
              </conditions>
            </line>
            <line number="68" hits="35" branch="False" />
            <line number="69" hits="35" branch="True" condition-coverage="100% (2/2)">
              <conditions>
                <condition number="334" type="jump" coverage="100%" />
              </conditions>
            </line>
            <line number="70" hits="35" branch="False" />
            <line number="71" hits="35" branch="False" />
            <line number="72" hits="35" branch="False" />
            <line number="73" hits="35" branch="False" />
            <line number="75" hits="51" branch="True" condition-coverage="100% (2/2)">
              <conditions>
                <condition number="400" type="jump" coverage="100%" />
              </conditions>
            </line>
            <line number="76" hits="18" branch="False" />
            <line number="77" hits="18" branch="True" condition-coverage="100% (2/2)">
              <conditions>
                <condition number="428" type="jump" coverage="100%" />
              </conditions>
            </line>
            <line number="78" hits="18" branch="False" />
            <line number="79" hits="18" branch="False" />
            <line number="80" hits="18" branch="False" />
            <line number="81" hits="18" branch="False" />
            <line number="82" hits="51" branch="False" />
            <line number="83" hits="68" branch="False" />
            <line number="84" hits="69" branch="False" />
            <line number="86" hits="160" branch="True" condition-coverage="100% (2/2)">
              <conditions>
                <condition number="504" type="jump" coverage="100%" />
              </conditions>
            </line>
            <line number="87" hits="126" branch="False" />
            <line number="88" hits="126" branch="False" />
            <line number="89" hits="126" branch="False" />
            <line number="91" hits="160" branch="True" condition-coverage="100% (2/2)">
              <conditions>
                <condition number="569" type="jump" coverage="100%" />
              </conditions>
            </line>
            <line number="92" hits="28" branch="False" />
            <line number="93" hits="28" branch="True" condition-coverage="100% (2/2)">
              <conditions>
                <condition number="606" type="jump" coverage="100%" />
              </conditions>
            </line>
            <line number="94" hits="23" branch="False" />
            <line number="95" hits="23" branch="True" condition-coverage="100% (2/2)">
              <conditions>
                <condition number="643" type="jump" coverage="100%" />
              </conditions>
            </line>
            <line number="96" hits="22" branch="False" />
            <line number="97" hits="22" branch="True" condition-coverage="100% (2/2)">
              <conditions>
                <condition number="670" type="jump" coverage="100%" />
              </conditions>
            </line>
            <line number="98" hits="20" branch="False" />
            <line number="99" hits="20" branch="True" condition-coverage="100% (2/2)">
              <conditions>
                <condition number="704" type="jump" coverage="100%" />
              </conditions>
            </line>
            <line number="100" hits="3" branch="False" />
            <line number="101" hits="3" branch="False" />
            <line number="102" hits="3" branch="False" />
            <line number="103" hits="20" branch="False" />
            <line number="104" hits="22" branch="False" />
            <line number="106" hits="1" branch="False" />
            <line number="107" hits="1" branch="False" />
            <line number="108" hits="1" branch="False" />
            <line number="109" hits="23" branch="False" />
            <line number="111" hits="5" branch="False" />
            <line number="112" hits="5" branch="True" condition-coverage="100% (2/2)">
              <conditions>
                <condition number="833" type="jump" coverage="100%" />
              </conditions>
            </line>
            <line number="113" hits="5" branch="False" />
            <line number="114" hits="5" branch="False" />
            <line number="115" hits="5" branch="False" />
            <line number="116" hits="5" branch="False" />
            <line number="117" hits="28" branch="False" />
            <line number="118" hits="160" branch="False" />
            <line number="119" hits="17" branch="False" />
          </lines>
        </class>
        <class name="GildedRose.Item" filename="Volumes/Code/Code/itu/bdsa/Assignment5/GildedRose/Program.cs" line-rate="1" branch-rate="1" complexity="3">
          <methods>
            <method name="get_Name" signature="()" line-rate="1" branch-rate="1" complexity="1">
              <lines>
                <line number="125" hits="810" branch="False" />
              </lines>
            </method>
            <method name="get_SellIn" signature="()" line-rate="1" branch-rate="1" complexity="1">
              <lines>
                <line number="127" hits="620" branch="False" />
              </lines>
            </method>
            <method name="get_Quality" signature="()" line-rate="1" branch-rate="1" complexity="1">
              <lines>
                <line number="129" hits="716" branch="False" />
              </lines>
            </method>
          </methods>
          <lines>
            <line number="125" hits="810" branch="False" />
            <line number="127" hits="620" branch="False" />
            <line number="129" hits="716" branch="False" />
          </lines>
        </class>
      </classes>
    </package>
  </packages>
</coverage>